may 31, 2025 9:11:28 A. M. ar.edu.unlp.oo1.ejercicio1.app.Ejercicio1Application main
INFO: Aplicación iniciada
may 31, 2025 9:11:31 A. M. ar.edu.unlp.oo1.ejercicio1.ui.WallPostUI <init>
INFO: WallPostUI inicializado correctamente
may 31, 2025 9:11:31 A. M. ar.edu.unlp.oo1.ejercicio1.ui.WallPostUI <init>
INFO: Probando log desde constructor
may 31, 2025 9:11:35 A. M. ar.edu.unlp.oo1.ejercicio1.ui.WallPostUI lambda$0
INFO: Se clickeo en like
may 31, 2025 9:11:36 A. M. ar.edu.unlp.oo1.ejercicio1.ui.WallPostUI lambda$0
INFO: Se clickeo en like
may 31, 2025 9:11:36 A. M. ar.edu.unlp.oo1.ejercicio1.ui.WallPostUI lambda$0
INFO: Se clickeo en like
may 31, 2025 9:11:36 A. M. ar.edu.unlp.oo1.ejercicio1.ui.WallPostUI lambda$0
INFO: Se clickeo en like
may 31, 2025 9:11:36 A. M. ar.edu.unlp.oo1.ejercicio1.ui.WallPostUI lambda$0
INFO: Se clickeo en like
may 31, 2025 9:11:36 A. M. ar.edu.unlp.oo1.ejercicio1.ui.WallPostUI lambda$0
INFO: Se clickeo en like
may 31, 2025 9:11:37 A. M. ar.edu.unlp.oo1.ejercicio1.ui.WallPostUI lambda$0
INFO: Se clickeo en like
may 31, 2025 9:11:37 A. M. ar.edu.unlp.oo1.ejercicio1.ui.WallPostUI lambda$0
INFO: Se clickeo en like
may 31, 2025 9:11:38 A. M. ar.edu.unlp.oo1.ejercicio1.ui.WallPostUI lambda$0
INFO: Se clickeo en like
may 31, 2025 9:11:38 A. M. ar.edu.unlp.oo1.ejercicio1.ui.WallPostUI lambda$0
INFO: Se clickeo en like
may 31, 2025 9:11:40 A. M. ar.edu.unlp.oo1.ejercicio1.ui.WallPostUI lambda$0
INFO: Se clickeo en like
may 31, 2025 9:11:42 A. M. ar.edu.unlp.oo1.ejercicio1.ui.WallPostUI lambda$1
INFO: Se clickeo en dislike
may 31, 2025 9:11:45 A. M. ar.edu.unlp.oo1.ejercicio1.ui.WallPostUI$1 insertUpdate
INFO: Texto del post modificado
may 31, 2025 9:11:45 A. M. ar.edu.unlp.oo1.ejercicio1.ui.WallPostUI$1 insertUpdate
INFO: Texto del post modificado
may 31, 2025 9:11:45 A. M. ar.edu.unlp.oo1.ejercicio1.ui.WallPostUI$1 insertUpdate
INFO: Texto del post modificado
may 31, 2025 9:11:46 A. M. ar.edu.unlp.oo1.ejercicio1.ui.WallPostUI$1 insertUpdate
INFO: Texto del post modificado
may 31, 2025 9:11:46 A. M. ar.edu.unlp.oo1.ejercicio1.ui.WallPostUI$1 insertUpdate
INFO: Texto del post modificado
may 31, 2025 9:11:49 A. M. ar.edu.unlp.oo1.ejercicio1.ui.WallPostUI lambda$1
INFO: Se clickeo en dislike
may 31, 2025 9:11:49 A. M. ar.edu.unlp.oo1.ejercicio1.ui.WallPostUI lambda$1
INFO: Se clickeo en dislike
may 31, 2025 9:11:49 A. M. ar.edu.unlp.oo1.ejercicio1.ui.WallPostUI lambda$1
INFO: Se clickeo en dislike
may 31, 2025 9:11:49 A. M. ar.edu.unlp.oo1.ejercicio1.ui.WallPostUI lambda$1
INFO: Se clickeo en dislike
may 31, 2025 9:11:50 A. M. ar.edu.unlp.oo1.ejercicio1.ui.WallPostUI lambda$1
INFO: Se clickeo en dislike
may 31, 2025 9:11:50 A. M. ar.edu.unlp.oo1.ejercicio1.ui.WallPostUI lambda$1
INFO: Se clickeo en dislike
may 31, 2025 9:11:50 A. M. ar.edu.unlp.oo1.ejercicio1.ui.WallPostUI lambda$1
INFO: Se clickeo en dislike
may 31, 2025 9:11:50 A. M. ar.edu.unlp.oo1.ejercicio1.ui.WallPostUI lambda$1
INFO: Se clickeo en dislike
may 31, 2025 9:11:50 A. M. ar.edu.unlp.oo1.ejercicio1.ui.WallPostUI lambda$1
INFO: Se clickeo en dislike
may 31, 2025 9:11:50 A. M. ar.edu.unlp.oo1.ejercicio1.ui.WallPostUI lambda$1
INFO: Se clickeo en dislike
may 31, 2025 9:11:51 A. M. ar.edu.unlp.oo1.ejercicio1.ui.WallPostUI lambda$1
INFO: Se clickeo en dislike
